<?xml version="1.0" encoding="UTF-8"?>
<!-- Generated by org.testng.reporters.JUnitReportReporter -->
<testsuite hostname="Revanths-MacBook-Air.local" failures="0" tests="5" name="testcaseExecution.TestSuite_CollgeActivation" time="9.393" errors="0" timestamp="2022-10-27T14:37:18 IST" skipped="0">
  <testcase classname="testcaseExecution.TestSuite_CollgeActivation" name="launchBrowser" time="4.470"/>
  <system-out/>
  <testcase classname="testcaseExecution.TestSuite_CollgeActivation" name="clgeactivation" time="3.567"/>
  <system-out/>
  <testcase classname="testcaseExecution.TestSuite_CollgeActivation" name="validationicon" time="0.399"/>
  <system-out/>
  <testcase classname="testcaseExecution.TestSuite_CollgeActivation" name="deleteclgeicon" time="0.105"/>
  <system-out/>
  <testcase classname="testcaseExecution.TestSuite_CollgeActivation" name="logout" time="0.852"/>
  <system-out/>
</testsuite> <!-- testcaseExecution.TestSuite_CollgeActivation -->
