<?xml version="1.0" encoding="UTF-8"?>
<!-- Generated by org.testng.reporters.JUnitReportReporter -->
<testsuite hostname="Revanths-MacBook-Air.local" failures="0" tests="6" name="testcaseExecution.TestSuite_MarkUpdation" time="26.659" errors="0" timestamp="2022-10-27T14:33:23 IST" skipped="0">
  <testcase classname="testcaseExecution.TestSuite_MarkUpdation" name="launchstudenturl" time="5.502"/>
  <system-out/>
  <testcase classname="testcaseExecution.TestSuite_MarkUpdation" name="Validatemark" time="5.900"/>
  <system-out/>
  <testcase classname="testcaseExecution.TestSuite_MarkUpdation" name="launchBrowser" time="3.039"/>
  <system-out/>
  <testcase classname="testcaseExecution.TestSuite_MarkUpdation" name="markupdation" time="1.916"/>
  <system-out/>
  <testcase classname="testcaseExecution.TestSuite_MarkUpdation" name="launchStudentApp" time="4.919"/>
  <system-out/>
  <testcase classname="testcaseExecution.TestSuite_MarkUpdation" name="ValidateAcademicmark" time="5.383"/>
  <system-out/>
</testsuite> <!-- testcaseExecution.TestSuite_MarkUpdation -->
